<?xml version="1.0" encoding="UTF-8"?>
<!-- Generated by org.testng.reporters.JUnitXMLReporter -->
<testsuite hostname="tsowjany" ignored="1" name="Test" tests="2" failures="2" timestamp="24 Jun 2019 04:15:16 GMT" time="2.045" errors="0">
  <testcase name="validLoginTest" time="1.013" classname="com.training.sanity.tests.LoginTest">
    <failure type="java.lang.NullPointerException">
      <![CDATA[java.lang.NullPointerException
at com.training.sanity.tests.LoginTest.validLoginTest(LoginTest.java:86)
... Removed 25 stack frames]]>
    </failure>
  </testcase> <!-- validLoginTest -->
  <testcase name="validLogoutTest" time="1.003" classname="com.training.sanity.tests.LogoutTest">
    <failure type="java.lang.NullPointerException">
      <![CDATA[java.lang.NullPointerException
at com.training.sanity.tests.LogoutTest.validLogoutTest(LogoutTest.java:99)
... Removed 25 stack frames]]>
    </failure>
  </testcase> <!-- validLogoutTest -->
  <testcase name="validLoginTest" time="0.0" classname="com.training.sanity.tests.LogoutTest">
    <ignored/>
  </testcase> <!-- validLoginTest -->
</testsuite> <!-- Test -->
