<?xml version="1.0" encoding="UTF-8"?>
<!-- Generated by org.testng.reporters.JUnitXMLReporter -->
<testsuite hostname="tsowjany" ignored="0" name="Default test" tests="5" failures="0" timestamp="02 Jul 2019 04:48:12 GMT" time="105.109" errors="0">
  <testcase name="Adminlogin" time="9.396" classname="com.training.regression.tests.AdminLoginTest"/>
  <testcase name="loginDBTest" time="21.487" classname="com.training.regression.tests.AdminDBTest"/>
  <testcase name="loginDBTest" time="20.47" classname="com.training.regression.tests.AdminDBTest"/>
  <testcase name="loginDBTest" time="20.396" classname="com.training.regression.tests.AdminDBTest"/>
  <testcase name="loginDBTest" time="20.534" classname="com.training.regression.tests.AdminDBTest"/>
</testsuite> <!-- Default test -->
